{"logTime": "0602/160125", "correlationVector":"bV4szBvVXDx1WLfIhUszSC.1","action":"SyncServerConnectionManagerRequest", "result":"SYNC_SERVER_OK", "context":{"environment":"Prod_southeastasia_prod-s01-064-apac-southeastasia", "migrationStage":"NotStarted", "server":"akswtt001000014"}}
{"logTime": "0602/160125", "correlationVector":"bV4szBvVXDx1WLfIhUszSC.2","action":"ProcessGetUpdates", "result":"Done", "context":{"dataType":"Encryption Keys", "deleted":"0", "process_failed_to_decrypt":"0", "process_pending_decryption":"0", "process_success":"1", "total":"1"}}
{"logTime": "0602/160127", "correlationVector":"uc8ekciUSOte34issPsUk2","action":"SyncServerConnectionManagerRequest", "result":"SYNC_SERVER_OK", "context":{"environment":"", "migrationStage":"", "server":""}}
{"logTime": "0602/160127", "correlationVector":"uc8ekciUSOte34issPsUk2.0","action":"EncryptionKeysFetcher.DownloadKeys:", "result":"Success", "context":Key count: 3, Last key timestamp: 2026-01-22T07:30:19Z}
{"logTime": "0602/160127", "correlationVector":"uc8ekciUSOte34issPsUk2.1","action":"EncryptionKeysManager::SetEncryptionKeys:", "result":"Success", "context":Key names[3]:[smgmz2nupt5vPmSoxBfBN2EBjiK4SULfRCGAVRs8M9fzdvqt7OkZNcaOHeWBrWvH/JBfSOA5mb2pCbd7llnSrA==][xoaQ/VyFlIAFQ0uRA3EAjuYZ5TlC7+nfCShzMuihYrCRaFkbE42FOFMBD/rx7RPbiP+XW6JZBJhpcRiJwA9YSA==][NFgJh8vjxcuMr8nL7LIHkrED3o1mghK/P29B5nOfVs4ZKfWP6apA7MDv+RgmNElPpZy0UIB1vUm/BzxQ/Ek4+w==]}
{"logTime": "0602/160127", "correlationVector":"uc8ekciUSOte34issPsUk2.2","action":"EncryptionKeysManager::SetEncryptionKeysWithTimestamps:", "result":"Success", "context":Key timestamps[3]:[2024-01-31T14:12:53Z][2025-07-09T04:37:00Z][2026-01-22T07:30:19Z]}
{"logTime": "0602/160127", "correlationVector":"bV4szBvVXDx1WLfIhUszSC","action":"Initial GetUpdates", "result":"", "context":Reason: NEW_CLIENT. cV=bV4szBvVXDx1WLfIhUszSC}
{"logTime": "0602/160127", "correlationVector":"bV4szBvVXDx1WLfIhUszSC.3","action":"GetUpdates Response", "result":"Success", "context":Received 1 update(s). cV=bV4szBvVXDx1WLfIhUszSC.0;server=akswtt001000014;cloudType=Consumer;environment=Prod_southeastasia_prod-s01-064-apac-southeastasia;migrationStage=NotStarted}
{"logTime": "0602/160127", "correlationVector":"5d3aXt9dPZqUZcwSMzQuFB","action":"Initial GetUpdates", "result":"", "context":Reason: NEWLY_SUPPORTED_DATATYPE. cV=5d3aXt9dPZqUZcwSMzQuFB}
{"logTime": "0602/160128", "correlationVector":"5d3aXt9dPZqUZcwSMzQuFB.1","action":"SyncServerConnectionManagerRequest", "result":"SYNC_SERVER_OK", "context":{"environment":"Prod_southeastasia_prod-s01-064-apac-southeastasia", "migrationStage":"NotStarted", "server":"akswtt001000003"}}
{"logTime": "0602/160128", "correlationVector":"5d3aXt9dPZqUZcwSMzQuFB.2","action":"ProcessGetUpdates", "result":"Done", "context":{"dataType":"Preferences", "deleted":"0", "process_failed_to_decrypt":"0", "process_pending_decryption":"0", "process_success":"66", "total":"66"}}
{"logTime": "0602/160128", "correlationVector":"5d3aXt9dPZqUZcwSMzQuFB.3","action":"ProcessGetUpdates", "result":"Done", "context":{"dataType":"Passwords", "deleted":"0", "process_failed_to_decrypt":"0", "process_pending_decryption":"0", "process_success":"10", "total":"10"}}
{"logTime": "0602/160128", "correlationVector":"5d3aXt9dPZqUZcwSMzQuFB.4","action":"ProcessGetUpdates", "result":"Done", "context":{"dataType":"Device Info", "deleted":"0", "process_failed_to_decrypt":"0", "process_pending_decryption":"0", "process_success":"7", "total":"7"}}
{"logTime": "0602/160128", "correlationVector":"5d3aXt9dPZqUZcwSMzQuFB.5","action":"GetUpdates Response", "result":"Success", "context":Received 83 update(s). cV=5d3aXt9dPZqUZcwSMzQuFB.0;server=akswtt001000003;cloudType=Consumer;environment=Prod_southeastasia_prod-s01-064-apac-southeastasia;migrationStage=NotStarted}
{"logTime": "0602/160128", "correlationVector":"+HlyRs5Z12NSkUVLP95iuU","action":"Initial GetUpdates", "result":"", "context":Reason: NEWLY_SUPPORTED_DATATYPE. cV=+HlyRs5Z12NSkUVLP95iuU}
{"logTime": "0602/160129", "correlationVector":"+HlyRs5Z12NSkUVLP95iuU.1","action":"SyncServerConnectionManagerRequest", "result":"SYNC_SERVER_OK", "context":{"environment":"Prod_southeastasia_prod-s01-064-apac-southeastasia", "migrationStage":"NotStarted", "server":"akswtt00100000m"}}
{"logTime": "0602/160129", "correlationVector":"+HlyRs5Z12NSkUVLP95iuU.2","action":"ProcessGetUpdates", "result":"Done", "context":{"dataType":"Bookmarks", "deleted":"0", "process_failed_to_decrypt":"0", "process_pending_decryption":"0", "process_success":"7", "total":"7"}}
{"logTime": "0602/160129", "correlationVector":"+HlyRs5Z12NSkUVLP95iuU.3","action":"GetUpdates Response", "result":"Success", "context":Received 7 update(s). cV=+HlyRs5Z12NSkUVLP95iuU.0;server=akswtt00100000m;cloudType=Consumer;environment=Prod_southeastasia_prod-s01-064-apac-southeastasia;migrationStage=NotStarted}
{"logTime": "0602/160129", "correlationVector":"C6fehjn/gG/XqQ2Icc41i6","action":"Initial GetUpdates", "result":"", "context":Reason: NEWLY_SUPPORTED_DATATYPE. cV=C6fehjn/gG/XqQ2Icc41i6}
{"logTime": "0602/160129", "correlationVector":"C6fehjn/gG/XqQ2Icc41i6.1","action":"SyncServerConnectionManagerRequest", "result":"SYNC_SERVER_OK", "context":{"environment":"Prod_southeastasia_prod-s01-064-apac-southeastasia", "migrationStage":"NotStarted", "server":"akswtt00100001i"}}
{"logTime": "0602/160129", "correlationVector":"C6fehjn/gG/XqQ2Icc41i6.2","action":"ProcessGetUpdates", "result":"Done", "context":{"dataType":"Autofill Profiles", "deleted":"0", "process_failed_to_decrypt":"0", "process_pending_decryption":"0", "process_success":"1", "total":"1"}}
{"logTime": "0602/160129", "correlationVector":"C6fehjn/gG/XqQ2Icc41i6.3","action":"ProcessGetUpdates", "result":"Done", "context":{"dataType":"Autofill", "deleted":"0", "process_failed_to_decrypt":"0", "process_pending_decryption":"0", "process_success":"15", "total":"15"}}
{"logTime": "0602/160129", "correlationVector":"C6fehjn/gG/XqQ2Icc41i6.4","action":"ProcessGetUpdates", "result":"Done", "context":{"dataType":"Sessions", "deleted":"35", "process_failed_to_decrypt":"0", "process_pending_decryption":"0", "process_success":"36", "total":"36"}}
{"logTime": "0602/160129", "correlationVector":"C6fehjn/gG/XqQ2Icc41i6.5","action":"ProcessGetUpdates", "result":"Done", "context":{"dataType":"Edge Hub App Usage", "deleted":"3", "process_failed_to_decrypt":"0", "process_pending_decryption":"0", "process_success":"9", "total":"9"}}
{"logTime": "0602/160129", "correlationVector":"C6fehjn/gG/XqQ2Icc41i6.6","action":"GetUpdates Response", "result":"Success", "context":Received 61 update(s). cV=C6fehjn/gG/XqQ2Icc41i6.0;server=akswtt00100001i;cloudType=Consumer;environment=Prod_southeastasia_prod-s01-064-apac-southeastasia;migrationStage=NotStarted}
{"logTime": "0602/160129", "correlationVector":"BOAuVgNyolo7Mq8IW2pKhx","action":"Initial GetUpdates", "result":"", "context":Reason: NEWLY_SUPPORTED_DATATYPE. cV=BOAuVgNyolo7Mq8IW2pKhx}
{"logTime": "0602/160130", "correlationVector":"BOAuVgNyolo7Mq8IW2pKhx.1","action":"SyncServerConnectionManagerRequest", "result":"SYNC_SERVER_OK", "context":{"environment":"Prod_southeastasia_prod-s01-064-apac-southeastasia", "migrationStage":"NotStarted", "server":"akswtt00100000a"}}
{"logTime": "0602/160130", "correlationVector":"BOAuVgNyolo7Mq8IW2pKhx.2","action":"ProcessGetUpdates", "result":"Done", "context":{"dataType":"History", "deleted":"0", "process_failed_to_decrypt":"0", "process_pending_decryption":"0", "process_success":"72", "total":"72"}}
{"logTime": "0602/160130", "correlationVector":"BOAuVgNyolo7Mq8IW2pKhx.3","action":"GetUpdates Response", "result":"Success", "context":Received 72 update(s). cV=BOAuVgNyolo7Mq8IW2pKhx.0;server=akswtt00100000a;cloudType=Consumer;environment=Prod_southeastasia_prod-s01-064-apac-southeastasia;migrationStage=NotStarted}
{"logTime": "0602/160130", "correlationVector":"OX422AZ5646myIEvYatUNK","action":"Normal GetUpdate request", "result":"", "context":cV=OX422AZ5646myIEvYatUNK
Nudged types: Sessions, Device Info, User Consents
Refresh requested types: Bookmarks, Preferences, Passwords, Autofill Profiles, Autofill, Extensions, Sessions, Extension settings, History Delete Directives, Device Info, User Consents, Send Tab To Self, Web Apps, History, Saved Tab Group, WebAuthn Credentials, Collection, Edge E Drop, Edge Hub App Usage, Edge Wallet, Edge Workspace, Encryption Keys}
{"logTime": "0602/160131", "correlationVector":"OX422AZ5646myIEvYatUNK.1","action":"SyncServerConnectionManagerRequest", "result":"SYNC_SERVER_OK", "context":{"environment":"Prod_southeastasia_prod-s01-064-apac-southeastasia", "migrationStage":"NotStarted", "server":"akswtt001000016"}}
{"logTime": "0602/160131", "correlationVector":"OX422AZ5646myIEvYatUNK.2","action":"GetUpdates Response", "result":"Success", "context":Received 0 update(s). cV=OX422AZ5646myIEvYatUNK.0;server=akswtt001000016;cloudType=Consumer;environment=Prod_southeastasia_prod-s01-064-apac-southeastasia;migrationStage=NotStarted}
{"logTime": "0602/160131", "correlationVector":"GtSfeK+NwrdtH6lGNqFaD3","action":"DoCompareDataConsistency requsted types: ", "result":"Bookmarks, Preferences, Passwords, Extensions, Extension settings, History Delete Directives, Send Tab To Self, Web Apps, History, Saved Tab Group, WebAuthn Credentials, Collection, Edge E Drop, Edge Wallet, Edge Workspace, Encryption Keys"}
{"logTime": "0602/160131", "correlationVector":"GtSfeK+NwrdtH6lGNqFaD3.0","action":"CompareDataConsistency result: ", "result":"Compare result: Encryption Keys is consistent. local entities count is: 1 local entities hash is: mwlJ5GdiIi3UQloGj8xnAC1wgIM="}
{"logTime": "0602/160131", "correlationVector":"GtSfeK+NwrdtH6lGNqFaD3.1","action":"CompareDataConsistency result: ", "result":"Compare result: Bookmarks is consistent. local entities count is: 1 local entities hash is: GB6Zn5ueHEcttS9aITtKF+n5FbU="}
{"logTime": "0602/160131", "correlationVector":"GtSfeK+NwrdtH6lGNqFaD3.2","action":"CompareDataConsistency result: ", "result":"Compare result: Preferences is consistent. local entities count is: 66 local entities hash is: kujG0gsPC+KUhp7k1gP/04s4fSw="}
{"logTime": "0602/160131", "correlationVector":"GtSfeK+NwrdtH6lGNqFaD3.3","action":"CompareDataConsistency result: ", "result":"Compare result: Extensions is consistent. local entities count is: 0 local entities hash is: "}
{"logTime": "0602/160131", "correlationVector":"GtSfeK+NwrdtH6lGNqFaD3.4","action":"CompareDataConsistency result: ", "result":"Compare result: Extension settings is consistent. local entities count is: 0 local entities hash is: "}
{"logTime": "0602/160131", "correlationVector":"GtSfeK+NwrdtH6lGNqFaD3.5","action":"CompareDataConsistency result: ", "result":"Compare result: History Delete Directives is consistent. local entities count is: 0 local entities hash is: "}
{"logTime": "0602/160131", "correlationVector":"GtSfeK+NwrdtH6lGNqFaD3.6","action":"CompareDataConsistency result: ", "result":"Server did not send this Send Tab To Self local entities count is: 0 local entities hash is: "}
{"logTime": "0602/160131", "correlationVector":"GtSfeK+NwrdtH6lGNqFaD3.7","action":"CompareDataConsistency result: ", "result":"Compare result: Web Apps is consistent. local entities count is: 0 local entities hash is: "}
{"logTime": "0602/160131", "correlationVector":"GtSfeK+NwrdtH6lGNqFaD3.8","action":"CompareDataConsistency result: ", "result":"Server did not send this History local entities count is: 0 local entities hash is: "}
{"logTime": "0602/160131", "correlationVector":"GtSfeK+NwrdtH6lGNqFaD3.9","action":"CompareDataConsistency result: ", "result":"Compare result: Saved Tab Group is consistent. local entities count is: 0 local entities hash is: "}
{"logTime": "0602/160131", "correlationVector":"GtSfeK+NwrdtH6lGNqFaD3.10","action":"CompareDataConsistency result: ", "result":"Server did not send this WebAuthn Credentials local entities count is: 0 local entities hash is: "}
{"logTime": "0602/160131", "correlationVector":"GtSfeK+NwrdtH6lGNqFaD3.11","action":"CompareDataConsistency result: ", "result":"Compare result: Collection is consistent. local entities count is: 0 local entities hash is: "}
{"logTime": "0602/160131", "correlationVector":"GtSfeK+NwrdtH6lGNqFaD3.12","action":"CompareDataConsistency result: ", "result":"Compare result: Edge E Drop is consistent. local entities count is: 0 local entities hash is: "}
{"logTime": "0602/160131", "correlationVector":"GtSfeK+NwrdtH6lGNqFaD3.13","action":"CompareDataConsistency result: ", "result":"Compare result: Edge Wallet is consistent. local entities count is: 0 local entities hash is: "}
{"logTime": "0602/160131", "correlationVector":"GtSfeK+NwrdtH6lGNqFaD3.14","action":"CompareDataConsistency result: ", "result":"Server did not send this Edge Workspace local entities count is: 0 local entities hash is: "}
{"logTime": "0602/160131", "correlationVector":"GtSfeK+NwrdtH6lGNqFaD3.15","action":"CompareDataConsistency result: ", "result":"Compare result: Passwords is consistent. local entities count is: 10 local entities hash is: letlwlJdtwx+BTjYCX88Rflh+xo="}
{"logTime": "0602/160131", "correlationVector":"TxzSHcOuiVr8ScA7/EVQJZ","action":"Commit Request", "result":"", "context":Item count: 4
Contributing types: Sessions, Device Info, User Consents}
{"logTime": "0602/160132", "correlationVector":"TxzSHcOuiVr8ScA7/EVQJZ.1","action":"SyncServerConnectionManagerRequest", "result":"SYNC_SERVER_OK", "context":{"environment":"Prod_southeastasia_prod-s01-064-apac-southeastasia", "migrationStage":"NotStarted", "server":"akswtt001000017"}}
{"logTime": "0602/160132", "correlationVector":"TxzSHcOuiVr8ScA7/EVQJZ.2","action":"Commit Response", "result":"Success", "context":Result: Success. cV=TxzSHcOuiVr8ScA7/EVQJZ.0;server=akswtt001000017;cloudType=Consumer;environment=Prod_southeastasia_prod-s01-064-apac-southeastasia;migrationStage=NotStarted}
{"logTime": "0602/160132", "correlationVector":"","action":"DIAGNOSTIC_REQUEST|v1/diagnosticData/Diagnostic.SendCheckResult()|SUCCESS", "result":""}
{"logTime": "0602/160133", "correlationVector":"doMqKah4i6vnLBW4BoKfBx","action":"Commit Request", "result":"", "context":Item count: 2
Contributing types: Sessions, History}
{"logTime": "0602/160133", "correlationVector":"doMqKah4i6vnLBW4BoKfBx.1","action":"SyncServerConnectionManagerRequest", "result":"SYNC_SERVER_OK", "context":{"environment":"Prod_southeastasia_prod-s01-064-apac-southeastasia", "migrationStage":"NotStarted", "server":"akswtt001000007"}}
{"logTime": "0602/160133", "correlationVector":"doMqKah4i6vnLBW4BoKfBx.2","action":"Commit Response", "result":"Success", "context":Result: Success. cV=doMqKah4i6vnLBW4BoKfBx.0;server=akswtt001000007;cloudType=Consumer;environment=Prod_southeastasia_prod-s01-064-apac-southeastasia;migrationStage=NotStarted}
{"logTime": "0602/160219", "correlationVector":"ObyDYUsS8Ij/oW3BJvmMz1","action":"Commit Request", "result":"", "context":Item count: 8
Contributing types: Passwords, Sessions, History}
{"logTime": "0602/160220", "correlationVector":"ObyDYUsS8Ij/oW3BJvmMz1.1","action":"SyncServerConnectionManagerRequest", "result":"SYNC_SERVER_OK", "context":{"environment":"Prod_southeastasia_prod-s01-064-apac-southeastasia", "migrationStage":"NotStarted", "server":"akswtt00100000e"}}
{"logTime": "0602/160220", "correlationVector":"ObyDYUsS8Ij/oW3BJvmMz1.2","action":"Commit Response", "result":"Success", "context":Result: Success. cV=ObyDYUsS8Ij/oW3BJvmMz1.0;server=akswtt00100000e;cloudType=Consumer;environment=Prod_southeastasia_prod-s01-064-apac-southeastasia;migrationStage=NotStarted}
